<?xml version="1.0" encoding="UTF-8"?>
<coverage generated="1637053188539" clover="3.2.0">
  <project timestamp="1637053188539" name="All files">
    <metrics statements="22" coveredstatements="17" conditionals="6" coveredconditionals="5" methods="4" coveredmethods="3" elements="32" coveredelements="25" complexity="0" loc="22" ncloc="22" packages="1" files="1" classes="1"/>
    <file name="index.js" path="D:\Carousel-Modern\sample\index.js">
      <metrics statements="22" coveredstatements="17" conditionals="6" coveredconditionals="5" methods="4" coveredmethods="3"/>
      <line num="1" count="1" type="stmt"/>
      <line num="2" count="1" type="cond" truecount="1" falsecount="0"/>
      <line num="3" count="3" type="stmt"/>
      <line num="4" count="1" type="stmt"/>
      <line num="5" count="1" type="cond" truecount="1" falsecount="0"/>
      <line num="6" count="3" type="cond" truecount="2" falsecount="0"/>
      <line num="7" count="3" type="stmt"/>
      <line num="8" count="1" type="stmt"/>
      <line num="9" count="1" type="cond" truecount="1" falsecount="0"/>
      <line num="10" count="1" type="stmt"/>
      <line num="11" count="1" type="stmt"/>
      <line num="12" count="1" type="stmt"/>
      <line num="13" count="1" type="cond" truecount="0" falsecount="1"/>
      <line num="14" count="0" type="stmt"/>
      <line num="15" count="0" type="stmt"/>
      <line num="16" count="1" type="stmt"/>
      <line num="17" count="1" type="stmt"/>
      <line num="18" count="1" type="stmt"/>
      <line num="19" count="0" type="stmt"/>
      <line num="20" count="0" type="stmt"/>
      <line num="21" count="0" type="stmt"/>
      <line num="22" count="1" type="stmt"/>
    </file>
  </project>
</coverage>
