{"D:\\Carousel-Modern\\sample\\index.js": {"path":"D:\\Carousel-Modern\\sample\\index.js","all":false,"statementMap":{"0":{"start":{"line":1,"column":0},"end":{"line":1,"column":29}},"1":{"start":{"line":2,"column":0},"end":{"line":2,"column":53}},"2":{"start":{"line":3,"column":0},"end":{"line":3,"column":14}},"3":{"start":{"line":4,"column":0},"end":{"line":4,"column":0}},"4":{"start":{"line":5,"column":0},"end":{"line":5,"column":36}},"5":{"start":{"line":6,"column":0},"end":{"line":6,"column":134}},"6":{"start":{"line":7,"column":0},"end":{"line":7,"column":3}},"7":{"start":{"line":8,"column":0},"end":{"line":8,"column":0}},"8":{"start":{"line":9,"column":0},"end":{"line":9,"column":15}},"9":{"start":{"line":10,"column":0},"end":{"line":10,"column":9}},"10":{"start":{"line":11,"column":0},"end":{"line":11,"column":48}},"11":{"start":{"line":12,"column":0},"end":{"line":12,"column":25}},"12":{"start":{"line":13,"column":0},"end":{"line":13,"column":17}},"13":{"start":{"line":14,"column":0},"end":{"line":14,"column":21}},"14":{"start":{"line":15,"column":0},"end":{"line":15,"column":5}},"15":{"start":{"line":16,"column":0},"end":{"line":16,"column":3}},"16":{"start":{"line":17,"column":0},"end":{"line":17,"column":0}},"17":{"start":{"line":18,"column":0},"end":{"line":18,"column":27}},"18":{"start":{"line":19,"column":0},"end":{"line":19,"column":58}},"19":{"start":{"line":20,"column":0},"end":{"line":20,"column":19}},"20":{"start":{"line":21,"column":0},"end":{"line":21,"column":3}},"21":{"start":{"line":22,"column":0},"end":{"line":22,"column":1}}},"s":{"0":1,"1":1,"2":3,"3":1,"4":1,"5":3,"6":3,"7":1,"8":1,"9":1,"10":1,"11":1,"12":1,"13":0,"14":0,"15":1,"16":1,"17":1,"18":0,"19":0,"20":0,"21":1},"branchMap":{"0":{"type":"branch","line":2,"loc":{"start":{"line":2,"column":41},"end":{"line":3,"column":14}},"locations":[{"start":{"line":2,"column":41},"end":{"line":3,"column":14}}]},"1":{"type":"branch","line":5,"loc":{"start":{"line":5,"column":2},"end":{"line":7,"column":3}},"locations":[{"start":{"line":5,"column":2},"end":{"line":7,"column":3}}]},"2":{"type":"branch","line":6,"loc":{"start":{"line":6,"column":23},"end":{"line":6,"column":90}},"locations":[{"start":{"line":6,"column":23},"end":{"line":6,"column":90}}]},"3":{"type":"branch","line":6,"loc":{"start":{"line":6,"column":23},"end":{"line":6,"column":98}},"locations":[{"start":{"line":6,"column":23},"end":{"line":6,"column":98}}]},"4":{"type":"branch","line":9,"loc":{"start":{"line":9,"column":2},"end":{"line":16,"column":3}},"locations":[{"start":{"line":9,"column":2},"end":{"line":16,"column":3}}]},"5":{"type":"branch","line":13,"loc":{"start":{"line":13,"column":6},"end":{"line":15,"column":5}},"locations":[{"start":{"line":13,"column":6},"end":{"line":15,"column":5}}]}},"b":{"0":[3],"1":[3],"2":[2],"3":[1],"4":[1],"5":[0]},"fnMap":{"0":{"name":"<instance_members_initializer>","decl":{"start":{"line":2,"column":41},"end":{"line":3,"column":14}},"loc":{"start":{"line":2,"column":41},"end":{"line":3,"column":14}},"line":2},"1":{"name":"CarouselModern","decl":{"start":{"line":5,"column":2},"end":{"line":7,"column":3}},"loc":{"start":{"line":5,"column":2},"end":{"line":7,"column":3}},"line":5},"2":{"name":"getSlides","decl":{"start":{"line":9,"column":2},"end":{"line":16,"column":3}},"loc":{"start":{"line":9,"column":2},"end":{"line":16,"column":3}},"line":9},"3":{"name":"createViewPortWrapper","decl":{"start":{"line":18,"column":2},"end":{"line":21,"column":3}},"loc":{"start":{"line":18,"column":2},"end":{"line":21,"column":3}},"line":18}},"f":{"0":3,"1":3,"2":1,"3":0}}
}
