TN:
SF:sample\index.js
FN:2,<instance_members_initializer>
FN:5,CarouselModern
FN:9,getSlides
FN:18,createViewPortWrapper
FNF:4
FNH:3
FNDA:3,<instance_members_initializer>
FNDA:3,CarouselModern
FNDA:1,getSlides
FNDA:0,createViewPortWrapper
DA:1,1
DA:2,1
DA:3,3
DA:4,1
DA:5,1
DA:6,3
DA:7,3
DA:8,1
DA:9,1
DA:10,1
DA:11,1
DA:12,1
DA:13,1
DA:14,0
DA:15,0
DA:16,1
DA:17,1
DA:18,1
DA:19,0
DA:20,0
DA:21,0
DA:22,1
LF:22
LH:17
BRDA:2,0,0,3
BRDA:5,1,0,3
BRDA:6,2,0,2
BRDA:6,3,0,1
BRDA:9,4,0,1
BRDA:13,5,0,0
BRF:6
BRH:5
end_of_record
